<?xml version="1.0" encoding="UTF-8"?>
<!-- Generated by org.testng.reporters.JUnitXMLReporter -->
<testsuite ignored="0" hostname="PAWAR" failures="1" tests="1" name="Test_Chrome" time="16.099" errors="0" timestamp="2022-07-18T13:23:17 IST">
  <testcase classname="Com.Test.VerifyLogin_Test" name="Verify_TC_01_LoginWithValidCredentials" time="10.142">
    <failure type="java.lang.AssertionError" message="expected [true] but found [false]">
      <![CDATA[java.lang.AssertionError: expected [true] but found [false]
at Com.Test.VerifyLogin_Test.Verify_TC_01_LoginWithValidCredentials(VerifyLogin_Test.java:26)
at java.base/java.util.ArrayList.forEach(ArrayList.java:1511)
... Removed 29 stack frames]]>
    </failure>
  </testcase> <!-- Verify_TC_01_LoginWithValidCredentials -->
</testsuite> <!-- Test_Chrome -->
